<?xml version="1.0" encoding="UTF-8"?>
<!-- Generated by org.testng.reporters.JUnitReportReporter -->
<testsuite hostname="DESKTOP-CAKSD5A" failures="0" tests="1" name="com.TestNGDemos.D11WriteToExcel" time="0.037" errors="0" timestamp="2025-02-18T21:49:58 IST" skipped="0">
  <testcase classname="com.TestNGDemos.D11WriteToExcel" name="WriteData" time="0.037"/>
  <system-out/>
</testsuite> <!-- com.TestNGDemos.D11WriteToExcel -->
