<?xml version="1.0" encoding="UTF-8"?>
<!-- Generated by org.testng.reporters.JUnitReportReporter -->
<testsuite hostname="DESKTOP-CAKSD5A" failures="0" tests="5" name="com.TestNGDemos.D15LoginToOHRM_DDF" time="11.281" errors="0" timestamp="2025-04-19T14:29:13 IST" skipped="0">
  <testcase classname="com.TestNGDemos.D15LoginToOHRM_DDF" name="loginToOHROM" time="1.850"/>
  <system-out/>
  <testcase classname="com.TestNGDemos.D15LoginToOHRM_DDF" name="loginToOHROM" time="0.594"/>
  <system-out/>
  <testcase classname="com.TestNGDemos.D15LoginToOHRM_DDF" name="loginToOHROM" time="1.150"/>
  <system-out/>
  <testcase classname="com.TestNGDemos.D15LoginToOHRM_DDF" name="loginToOHROM" time="3.899"/>
  <system-out/>
  <testcase classname="com.TestNGDemos.D15LoginToOHRM_DDF" name="loginToOHROM" time="3.788"/>
  <system-out/>
</testsuite> <!-- com.TestNGDemos.D15LoginToOHRM_DDF -->
