<?xml version="1.0" encoding="UTF-8"?>
<!-- Generated by org.testng.reporters.JUnitReportReporter -->
<testsuite hostname="DESKTOP-CAKSD5A" failures="0" tests="5" name="com.TestNGDemos.OHRMLogin" time="23.826" errors="0" timestamp="2025-04-21T14:27:08 IST" skipped="0">
  <testcase classname="com.TestNGDemos.OHRMLogin" name="loginToOHROM" time="4.481"/>
  <system-out/>
  <testcase classname="com.TestNGDemos.OHRMLogin" name="loginToOHROM" time="4.944"/>
  <system-out/>
  <testcase classname="com.TestNGDemos.OHRMLogin" name="loginToOHROM" time="5.553"/>
  <system-out/>
  <testcase classname="com.TestNGDemos.OHRMLogin" name="loginToOHROM" time="4.815"/>
  <system-out/>
  <testcase classname="com.TestNGDemos.OHRMLogin" name="loginToOHROM" time="4.033"/>
  <system-out/>
</testsuite> <!-- com.TestNGDemos.OHRMLogin -->
