<?xml version="1.0" encoding="UTF-8"?>
<!-- Generated by org.testng.reporters.JUnitReportReporter -->
<testsuite hostname="DESKTOP-CAKSD5A" failures="0" tests="1" name="com.TestNGDemos.D09KeywordDrivenFramework" time="5.245" errors="0" timestamp="2025-02-15T12:55:27 IST" skipped="0">
  <testcase classname="com.TestNGDemos.D09KeywordDrivenFramework" name="createAccount" time="5.245"/>
  <system-out/>
</testsuite> <!-- com.TestNGDemos.D09KeywordDrivenFramework -->
