<?xml version="1.0" encoding="UTF-8"?>
<!-- Generated by org.testng.reporters.JUnitReportReporter -->
<testsuite hostname="DESKTOP-CAKSD5A" failures="0" tests="1" name="com.TestNGDemos.D10PracticeTest_Client" time="6.568" errors="0" timestamp="2025-02-22T11:37:54 IST" skipped="0">
  <testcase classname="com.TestNGDemos.D10PracticeTest_Client" name="loginLogout" time="6.568"/>
  <system-out/>
</testsuite> <!-- com.TestNGDemos.D10PracticeTest_Client -->
