<?xml version="1.0" encoding="UTF-8"?>
<!-- Generated by org.testng.reporters.JUnitReportReporter -->
<testsuite hostname="DESKTOP-CAKSD5A" failures="0" tests="1" name="com.TestNGDemos.D12CreateFriendsData" time="0.028" errors="0" timestamp="2025-02-21T17:25:15 IST" skipped="0">
  <testcase classname="com.TestNGDemos.D12CreateFriendsData" name="writeFriendsData" time="0.028"/>
  <system-out/>
</testsuite> <!-- com.TestNGDemos.D12CreateFriendsData -->
