<?xml version="1.0" encoding="UTF-8"?>
<!-- Generated by org.testng.reporters.JUnitReportReporter -->
<testsuite hostname="DESKTOP-CAKSD5A" failures="0" tests="1" name="com.TestNGDemos.D01FirstTest" time="0.013" errors="0" timestamp="2025-02-06T22:13:32 IST" skipped="0">
  <testcase classname="com.TestNGDemos.D01FirstTest" name="firstTest" time="0.013"/>
  <system-out/>
</testsuite> <!-- com.TestNGDemos.D01FirstTest -->
